<?xml version="1.0" encoding="UTF-8"?>
<!-- Generated by org.testng.reporters.JUnitXMLReporter -->
<testsuite ignored="2" hostname="ABHISHEK" failures="1" tests="1" name="Test" time="0.723" errors="0" timestamp="2024-09-16T16:49:34 IST">
  <testcase classname="com.crm.tp.contacttest.CreateContactTest" name="createContact" time="0.675">
    <failure type="java.lang.NullPointerException" message="Cannot invoke &amp;quot;org.openqa.selenium.SearchContext.findElement(org.openqa.selenium.By)&amp;quot; because &amp;quot;this.searchContext&amp;quot; is null">
      <![CDATA[java.lang.NullPointerException: Cannot invoke "org.openqa.selenium.SearchContext.findElement(org.openqa.selenium.By)" because "this.searchContext" is null
at org.openqa.selenium.support.pagefactory.DefaultElementLocator.findElement(DefaultElementLocator.java:68)
at org.openqa.selenium.support.pagefactory.internal.LocatingElementHandler.invoke(LocatingElementHandler.java:38)
at jdk.proxy2/jdk.proxy2.$Proxy15.click(Unknown Source)
at com.crm.tp.contacttest.CreateContactTest.createContact(CreateContactTest.java:29)
at java.base/java.util.ArrayList.forEach(ArrayList.java:1511)
... Removed 27 stack frames]]>
    </failure>
  </testcase> <!-- createContact -->
  <testcase classname="com.crm.tp.contacttest.CreateContactTest" name="createContactWithOrgTest" time="0.0">
    <ignored/>
  </testcase> <!-- createContactWithOrgTest -->
  <testcase classname="com.crm.tp.contacttest.CreateContactTest" name="createContactWithReportsToTest" time="0.0">
    <ignored/>
  </testcase> <!-- createContactWithReportsToTest -->
</testsuite> <!-- Test -->
